# JRE version: OpenJDK Runtime Environment Temurin-21.0.9+10 (21.0.9+10) (build 21.0.9+10-LTS)
# Java VM: OpenJDK 64-Bit Server VM Temurin-21.0.9+10 (21.0.9+10-LTS, mixed mode, sharing, tiered, compressed oops, compressed class ptrs, parallel gc, windows-amd64)
GC Precious Log:
 CardTable entry size: 512
 CPUs: 22 total, 22 available
 Memory: 15828M
 Large Page Support: Disabled
 NUMA Support: Disabled
 Compressed Oops: Enabled (32-bit)
 Alignments: Space 512K, Generation 512K, Heap 2M
 Heap Min Capacity: 100M
 Heap Initial Capacity: 100M
 Heap Max Capacity: 2G
 Pre-touch: Disabled
 Parallel Workers: 16
Heap:
 PSYoungGen      total 23552K, used 7675K [0x00000000d5580000, 0x00000000d6e80000, 0x0000000100000000)
  eden space 22016K, 34% used [0x00000000d5580000,0x00000000d5cfeef8,0x00000000d6b00000)
  from space 1536K, 0% used [0x00000000d6c00000,0x00000000d6c00000,0x00000000d6d80000)
  to   space 1024K, 0% used [0x00000000d6d80000,0x00000000d6d80000,0x00000000d6e80000)
 ParOldGen       total 68608K, used 51802K [0x0000000080000000, 0x0000000084300000, 0x00000000d5580000)
  object space 68608K, 75% used [0x0000000080000000,0x00000000832968d0,0x0000000084300000)
 Metaspace       used 59029K, committed 60288K, reserved 1114112K
  class space    used 6247K, committed 6784K, reserved 1048576K
GC Heap History (20 events):
Event: 23.195 GC heap before
{Heap before GC invocations=47 (full 2):
 PSYoungGen      total 23040K, used 22560K [0x00000000d5580000, 0x00000000d6d00000, 0x0000000100000000)
  eden space 22016K, 100% used [0x00000000d5580000,0x00000000d6b00000,0x00000000d6b00000)
  from space 1024K, 53% used [0x00000000d6c00000,0x00000000d6c88000,0x00000000d6d00000)
  to   space 1024K, 0% used [0x00000000d6b00000,0x00000000d6b00000,0x00000000d6c00000)
 ParOldGen       total 68608K, used 63505K [0x0000000080000000, 0x0000000084300000, 0x00000000d5580000)
  object space 68608K, 92% used [0x0000000080000000,0x0000000083e04600,0x0000000084300000)
 Metaspace       used 52845K, committed 54080K, reserved 1114112K
  class space    used 5605K, committed 6144K, reserved 1048576K
}
Event: 23.196 GC heap after
{Heap after GC invocations=47 (full 2):
 PSYoungGen      total 23040K, used 1002K [0x00000000d5580000, 0x00000000d6f00000, 0x0000000100000000)
  eden space 22016K, 0% used [0x00000000d5580000,0x00000000d5580000,0x00000000d6b00000)
  from space 1024K, 97% used [0x00000000d6b00000,0x00000000d6bfab48,0x00000000d6c00000)
  to   space 2048K, 0% used [0x00000000d6d00000,0x00000000d6d00000,0x00000000d6f00000)
 ParOldGen       total 68608K, used 64009K [0x0000000080000000, 0x0000000084300000, 0x00000000d5580000)
  object space 68608K, 93% used [0x0000000080000000,0x0000000083e82600,0x0000000084300000)
 Metaspace       used 52845K, committed 54080K, reserved 1114112K
  class space    used 5605K, committed 6144K, reserved 1048576K
}
Event: 23.220 GC heap before
{Heap before GC invocations=48 (full 2):
 PSYoungGen      total 23040K, used 23018K [0x00000000d5580000, 0x00000000d6f00000, 0x0000000100000000)
  eden space 22016K, 100% used [0x00000000d5580000,0x00000000d6b00000,0x00000000d6b00000)
  from space 1024K, 97% used [0x00000000d6b00000,0x00000000d6bfab48,0x00000000d6c00000)
  to   space 2048K, 0% used [0x00000000d6d00000,0x00000000d6d00000,0x00000000d6f00000)
 ParOldGen       total 68608K, used 64009K [0x0000000080000000, 0x0000000084300000, 0x00000000d5580000)
  object space 68608K, 93% used [0x0000000080000000,0x0000000083e82600,0x0000000084300000)
 Metaspace       used 52853K, committed 54080K, reserved 1114112K
  class space    used 5605K, committed 6144K, reserved 1048576K
}
Event: 23.222 GC heap after
{Heap after GC invocations=48 (full 2):
 PSYoungGen      total 23040K, used 715K [0x00000000d5580000, 0x00000000d6e00000, 0x0000000100000000)
  eden space 22016K, 0% used [0x00000000d5580000,0x00000000d5580000,0x00000000d6b00000)
  from space 1024K, 69% used [0x00000000d6d00000,0x00000000d6db2d50,0x00000000d6e00000)
  to   space 1024K, 0% used [0x00000000d6b00000,0x00000000d6b00000,0x00000000d6c00000)
 ParOldGen       total 68608K, used 64708K [0x0000000080000000, 0x0000000084300000, 0x00000000d5580000)
  object space 68608K, 94% used [0x0000000080000000,0x0000000083f311f0,0x0000000084300000)
 Metaspace       used 52853K, committed 54080K, reserved 1114112K
  class space    used 5605K, committed 6144K, reserved 1048576K
}
Event: 23.298 GC heap before
{Heap before GC invocations=49 (full 2):
 PSYoungGen      total 23040K, used 22687K [0x00000000d5580000, 0x00000000d6e00000, 0x0000000100000000)
  eden space 22016K, 99% used [0x00000000d5580000,0x00000000d6af50a0,0x00000000d6b00000)
  from space 1024K, 69% used [0x00000000d6d00000,0x00000000d6db2d50,0x00000000d6e00000)
  to   space 1024K, 0% used [0x00000000d6b00000,0x00000000d6b00000,0x00000000d6c00000)
 ParOldGen       total 68608K, used 64708K [0x0000000080000000, 0x0000000084300000, 0x00000000d5580000)
  object space 68608K, 94% used [0x0000000080000000,0x0000000083f311f0,0x0000000084300000)
 Metaspace       used 52990K, committed 54272K, reserved 1114112K
  class space    used 5623K, committed 6208K, reserved 1048576K
}
Event: 23.299 GC heap after
{Heap after GC invocations=49 (full 2):
 PSYoungGen      total 23040K, used 826K [0x00000000d5580000, 0x00000000d6d80000, 0x0000000100000000)
  eden space 22016K, 0% used [0x00000000d5580000,0x00000000d5580000,0x00000000d6b00000)
  from space 1024K, 80% used [0x00000000d6b00000,0x00000000d6bce900,0x00000000d6c00000)
  to   space 1024K, 0% used [0x00000000d6c80000,0x00000000d6c80000,0x00000000d6d80000)
 ParOldGen       total 68608K, used 64828K [0x0000000080000000, 0x0000000084300000, 0x00000000d5580000)
  object space 68608K, 94% used [0x0000000080000000,0x0000000083f4f1f0,0x0000000084300000)
 Metaspace       used 52990K, committed 54272K, reserved 1114112K
  class space    used 5623K, committed 6208K, reserved 1048576K
}
Event: 23.321 GC heap before
{Heap before GC invocations=50 (full 2):
 PSYoungGen      total 23040K, used 22842K [0x00000000d5580000, 0x00000000d6d80000, 0x0000000100000000)
  eden space 22016K, 100% used [0x00000000d5580000,0x00000000d6b00000,0x00000000d6b00000)
  from space 1024K, 80% used [0x00000000d6b00000,0x00000000d6bce900,0x00000000d6c00000)
  to   space 1024K, 0% used [0x00000000d6c80000,0x00000000d6c80000,0x00000000d6d80000)
 ParOldGen       total 68608K, used 64828K [0x0000000080000000, 0x0000000084300000, 0x00000000d5580000)
  object space 68608K, 94% used [0x0000000080000000,0x0000000083f4f1f0,0x0000000084300000)
 Metaspace       used 52994K, committed 54272K, reserved 1114112K
  class space    used 5623K, committed 6208K, reserved 1048576K
}
Event: 23.322 GC heap after
{Heap after GC invocations=50 (full 2):
 PSYoungGen      total 23040K, used 934K [0x00000000d5580000, 0x00000000d6d80000, 0x0000000100000000)
  eden space 22016K, 0% used [0x00000000d5580000,0x00000000d5580000,0x00000000d6b00000)
  from space 1024K, 91% used [0x00000000d6c80000,0x00000000d6d69bc0,0x00000000d6d80000)
  to   space 1024K, 0% used [0x00000000d6b00000,0x00000000d6b00000,0x00000000d6c00000)
 ParOldGen       total 68608K, used 65304K [0x0000000080000000, 0x0000000084300000, 0x00000000d5580000)
  object space 68608K, 95% used [0x0000000080000000,0x0000000083fc63f0,0x0000000084300000)
 Metaspace       used 52994K, committed 54272K, reserved 1114112K
  class space    used 5623K, committed 6208K, reserved 1048576K
}
Event: 23.416 GC heap before
{Heap before GC invocations=51 (full 2):
 PSYoungGen      total 23040K, used 22928K [0x00000000d5580000, 0x00000000d6d80000, 0x0000000100000000)
  eden space 22016K, 99% used [0x00000000d5580000,0x00000000d6afa7a0,0x00000000d6b00000)
  from space 1024K, 91% used [0x00000000d6c80000,0x00000000d6d69bc0,0x00000000d6d80000)
  to   space 1024K, 0% used [0x00000000d6b00000,0x00000000d6b00000,0x00000000d6c00000)
 ParOldGen       total 68608K, used 65304K [0x0000000080000000, 0x0000000084300000, 0x00000000d5580000)
  object space 68608K, 95% used [0x0000000080000000,0x0000000083fc63f0,0x0000000084300000)
 Metaspace       used 53519K, committed 54784K, reserved 1114112K
  class space    used 5714K, committed 6272K, reserved 1048576K
}
Event: 23.418 GC heap after
{Heap after GC invocations=51 (full 2):
 PSYoungGen      total 23040K, used 1012K [0x00000000d5580000, 0x00000000d6e00000, 0x0000000100000000)
  eden space 22016K, 0% used [0x00000000d5580000,0x00000000d5580000,0x00000000d6b00000)
  from space 1024K, 98% used [0x00000000d6b00000,0x00000000d6bfd0f0,0x00000000d6c00000)
  to   space 1536K, 0% used [0x00000000d6c80000,0x00000000d6c80000,0x00000000d6e00000)
 ParOldGen       total 68608K, used 65808K [0x0000000080000000, 0x0000000084300000, 0x00000000d5580000)
  object space 68608K, 95% used [0x0000000080000000,0x00000000840443f0,0x0000000084300000)
 Metaspace       used 53519K, committed 54784K, reserved 1114112K
  class space    used 5714K, committed 6272K, reserved 1048576K
}
Event: 23.649 GC heap before
{Heap before GC invocations=52 (full 2):
 PSYoungGen      total 23040K, used 23028K [0x00000000d5580000, 0x00000000d6e00000, 0x0000000100000000)
  eden space 22016K, 100% used [0x00000000d5580000,0x00000000d6b00000,0x00000000d6b00000)
  from space 1024K, 98% used [0x00000000d6b00000,0x00000000d6bfd0f0,0x00000000d6c00000)
  to   space 1536K, 0% used [0x00000000d6c80000,0x00000000d6c80000,0x00000000d6e00000)
 ParOldGen       total 68608K, used 65808K [0x0000000080000000, 0x0000000084300000, 0x00000000d5580000)
  object space 68608K, 95% used [0x0000000080000000,0x00000000840443f0,0x0000000084300000)
 Metaspace       used 55495K, committed 56832K, reserved 1114112K
  class space    used 5915K, committed 6528K, reserved 1048576K
}
Event: 23.651 GC heap after
{Heap after GC invocations=52 (full 2):
 PSYoungGen      total 23040K, used 801K [0x00000000d5580000, 0x00000000d6d80000, 0x0000000100000000)
  eden space 22016K, 0% used [0x00000000d5580000,0x00000000d5580000,0x00000000d6b00000)
  from space 1024K, 78% used [0x00000000d6c80000,0x00000000d6d48588,0x00000000d6d80000)
  to   space 1024K, 0% used [0x00000000d6b00000,0x00000000d6b00000,0x00000000d6c00000)
 ParOldGen       total 68608K, used 66467K [0x0000000080000000, 0x0000000084300000, 0x00000000d5580000)
  object space 68608K, 96% used [0x0000000080000000,0x00000000840e8fb0,0x0000000084300000)
 Metaspace       used 55495K, committed 56832K, reserved 1114112K
  class space    used 5915K, committed 6528K, reserved 1048576K
}
Event: 23.846 GC heap before
{Heap before GC invocations=53 (full 2):
 PSYoungGen      total 23040K, used 22817K [0x00000000d5580000, 0x00000000d6d80000, 0x0000000100000000)
  eden space 22016K, 100% used [0x00000000d5580000,0x00000000d6b00000,0x00000000d6b00000)
  from space 1024K, 78% used [0x00000000d6c80000,0x00000000d6d48588,0x00000000d6d80000)
  to   space 1024K, 0% used [0x00000000d6b00000,0x00000000d6b00000,0x00000000d6c00000)
 ParOldGen       total 68608K, used 66467K [0x0000000080000000, 0x0000000084300000, 0x00000000d5580000)
  object space 68608K, 96% used [0x0000000080000000,0x00000000840e8fb0,0x0000000084300000)
 Metaspace       used 56961K, committed 58304K, reserved 1114112K
  class space    used 6044K, committed 6656K, reserved 1048576K
}
Event: 23.847 GC heap after
{Heap after GC invocations=53 (full 2):
 PSYoungGen      total 23040K, used 1018K [0x00000000d5580000, 0x00000000d7100000, 0x0000000100000000)
  eden space 22016K, 0% used [0x00000000d5580000,0x00000000d5580000,0x00000000d6b00000)
  from space 1024K, 99% used [0x00000000d6b00000,0x00000000d6bfeb68,0x00000000d6c00000)
  to   space 3072K, 0% used [0x00000000d6e00000,0x00000000d6e00000,0x00000000d7100000)
 ParOldGen       total 68608K, used 67844K [0x0000000080000000, 0x0000000084300000, 0x00000000d5580000)
  object space 68608K, 98% used [0x0000000080000000,0x0000000084241328,0x0000000084300000)
 Metaspace       used 56961K, committed 58304K, reserved 1114112K
  class space    used 6044K, committed 6656K, reserved 1048576K
}
Event: 23.885 GC heap before
{Heap before GC invocations=54 (full 2):
 PSYoungGen      total 23040K, used 23034K [0x00000000d5580000, 0x00000000d7100000, 0x0000000100000000)
  eden space 22016K, 100% used [0x00000000d5580000,0x00000000d6b00000,0x00000000d6b00000)
  from space 1024K, 99% used [0x00000000d6b00000,0x00000000d6bfeb68,0x00000000d6c00000)
  to   space 3072K, 0% used [0x00000000d6e00000,0x00000000d6e00000,0x00000000d7100000)
 ParOldGen       total 68608K, used 67844K [0x0000000080000000, 0x0000000084300000, 0x00000000d5580000)
  object space 68608K, 98% used [0x0000000080000000,0x0000000084241328,0x0000000084300000)
 Metaspace       used 56989K, committed 58304K, reserved 1114112K
  class space    used 6044K, committed 6656K, reserved 1048576K
}
Event: 23.887 GC heap after
{Heap after GC invocations=54 (full 2):
 PSYoungGen      total 23040K, used 758K [0x00000000d5580000, 0x00000000d6f00000, 0x0000000100000000)
  eden space 22016K, 0% used [0x00000000d5580000,0x00000000d5580000,0x00000000d6b00000)
  from space 1024K, 74% used [0x00000000d6e00000,0x00000000d6ebd9e8,0x00000000d6f00000)
  to   space 1536K, 0% used [0x00000000d6c00000,0x00000000d6c00000,0x00000000d6d80000)
 ParOldGen       total 68608K, used 68363K [0x0000000080000000, 0x0000000084300000, 0x00000000d5580000)
  object space 68608K, 99% used [0x0000000080000000,0x00000000842c2e50,0x0000000084300000)
 Metaspace       used 56989K, committed 58304K, reserved 1114112K
  class space    used 6044K, committed 6656K, reserved 1048576K
}
Event: 24.043 GC heap before
{Heap before GC invocations=55 (full 2):
 PSYoungGen      total 23040K, used 19941K [0x00000000d5580000, 0x00000000d6f00000, 0x0000000100000000)
  eden space 22016K, 87% used [0x00000000d5580000,0x00000000d683ba80,0x00000000d6b00000)
  from space 1024K, 74% used [0x00000000d6e00000,0x00000000d6ebd9e8,0x00000000d6f00000)
  to   space 1536K, 0% used [0x00000000d6c00000,0x00000000d6c00000,0x00000000d6d80000)
 ParOldGen       total 68608K, used 68363K [0x0000000080000000, 0x0000000084300000, 0x00000000d5580000)
  object space 68608K, 99% used [0x0000000080000000,0x00000000842c2e50,0x0000000084300000)
 Metaspace       used 58497K, committed 59776K, reserved 1114112K
  class space    used 6190K, committed 6784K, reserved 1048576K
}
Event: 24.044 GC heap after
{Heap after GC invocations=55 (full 2):
 PSYoungGen      total 23552K, used 646K [0x00000000d5580000, 0x00000000d6e80000, 0x0000000100000000)
  eden space 22016K, 0% used [0x00000000d5580000,0x00000000d5580000,0x00000000d6b00000)
  from space 1536K, 42% used [0x00000000d6c00000,0x00000000d6ca18a0,0x00000000d6d80000)
  to   space 1024K, 0% used [0x00000000d6d80000,0x00000000d6d80000,0x00000000d6e80000)
 ParOldGen       total 68608K, used 68395K [0x0000000080000000, 0x0000000084300000, 0x00000000d5580000)
  object space 68608K, 99% used [0x0000000080000000,0x00000000842cae50,0x0000000084300000)
 Metaspace       used 58497K, committed 59776K, reserved 1114112K
  class space    used 6190K, committed 6784K, reserved 1048576K
}
Event: 24.044 GC heap before
{Heap before GC invocations=56 (full 3):
 PSYoungGen      total 23552K, used 646K [0x00000000d5580000, 0x00000000d6e80000, 0x0000000100000000)
  eden space 22016K, 0% used [0x00000000d5580000,0x00000000d5580000,0x00000000d6b00000)
  from space 1536K, 42% used [0x00000000d6c00000,0x00000000d6ca18a0,0x00000000d6d80000)
  to   space 1024K, 0% used [0x00000000d6d80000,0x00000000d6d80000,0x00000000d6e80000)
 ParOldGen       total 68608K, used 68395K [0x0000000080000000, 0x0000000084300000, 0x00000000d5580000)
  object space 68608K, 99% used [0x0000000080000000,0x00000000842cae50,0x0000000084300000)
 Metaspace       used 58497K, committed 59776K, reserved 1114112K
  class space    used 6190K, committed 6784K, reserved 1048576K
}
Event: 24.112 GC heap after
{Heap after GC invocations=56 (full 3):
 PSYoungGen      total 23552K, used 0K [0x00000000d5580000, 0x00000000d6e80000, 0x0000000100000000)
  eden space 22016K, 0% used [0x00000000d5580000,0x00000000d5580000,0x00000000d6b00000)
  from space 1536K, 0% used [0x00000000d6c00000,0x00000000d6c00000,0x00000000d6d80000)
  to   space 1024K, 0% used [0x00000000d6d80000,0x00000000d6d80000,0x00000000d6e80000)
 ParOldGen       total 68608K, used 51802K [0x0000000080000000, 0x0000000084300000, 0x00000000d5580000)
  object space 68608K, 75% used [0x0000000080000000,0x00000000832968d0,0x0000000084300000)
 Metaspace       used 58493K, committed 59776K, reserved 1114112K
  class space    used 6189K, committed 6784K, reserved 1048576K
}

