# JRE version: OpenJDK Runtime Environment Temurin-21.0.9+10 (21.0.9+10) (build 21.0.9+10-LTS)
# Java VM: OpenJDK 64-Bit Server VM Temurin-21.0.9+10 (21.0.9+10-LTS, mixed mode, sharing, tiered, compressed oops, compressed class ptrs, parallel gc, windows-amd64)
GC Precious Log:
 CardTable entry size: 512
 CPUs: 22 total, 22 available
 Memory: 15828M
 Large Page Support: Disabled
 NUMA Support: Disabled
 Compressed Oops: Enabled (32-bit)
 Alignments: Space 512K, Generation 512K, Heap 2M
 Heap Min Capacity: 100M
 Heap Initial Capacity: 100M
 Heap Max Capacity: 2G
 Pre-touch: Disabled
 Parallel Workers: 16
Heap:
 PSYoungGen      total 20992K, used 4950K [0x00000000d5580000, 0x00000000d6b80000, 0x0000000100000000)
  eden space 20480K, 22% used [0x00000000d5580000,0x00000000d5a05830,0x00000000d6980000)
  from space 512K, 62% used [0x00000000d6b00000,0x00000000d6b50000,0x00000000d6b80000)
  to   space 512K, 0% used [0x00000000d6a80000,0x00000000d6a80000,0x00000000d6b00000)
 ParOldGen       total 72704K, used 56081K [0x0000000080000000, 0x0000000084700000, 0x00000000d5580000)
  object space 72704K, 77% used [0x0000000080000000,0x00000000836c4700,0x0000000084700000)
 Metaspace       used 64476K, committed 65856K, reserved 1114112K
  class space    used 6863K, committed 7424K, reserved 1048576K
GC Heap History (20 events):
Event: 60.752 GC heap before
{Heap before GC invocations=58 (full 3):
 PSYoungGen      total 21504K, used 21212K [0x00000000d5580000, 0x00000000d6b80000, 0x0000000100000000)
  eden space 20480K, 100% used [0x00000000d5580000,0x00000000d6980000,0x00000000d6980000)
  from space 1024K, 71% used [0x00000000d6a80000,0x00000000d6b37280,0x00000000d6b80000)
  to   space 1024K, 0% used [0x00000000d6980000,0x00000000d6980000,0x00000000d6a80000)
 ParOldGen       total 72704K, used 53555K [0x0000000080000000, 0x0000000084700000, 0x00000000d5580000)
  object space 72704K, 73% used [0x0000000080000000,0x000000008344cfb8,0x0000000084700000)
 Metaspace       used 62217K, committed 63552K, reserved 1114112K
  class space    used 6661K, committed 7232K, reserved 1048576K
}
Event: 60.754 GC heap after
{Heap after GC invocations=58 (full 3):
 PSYoungGen      total 21504K, used 1022K [0x00000000d5580000, 0x00000000d6d80000, 0x0000000100000000)
  eden space 20480K, 0% used [0x00000000d5580000,0x00000000d5580000,0x00000000d6980000)
  from space 1024K, 99% used [0x00000000d6980000,0x00000000d6a7faf0,0x00000000d6a80000)
  to   space 2048K, 0% used [0x00000000d6b80000,0x00000000d6b80000,0x00000000d6d80000)
 ParOldGen       total 72704K, used 54217K [0x0000000080000000, 0x0000000084700000, 0x00000000d5580000)
  object space 72704K, 74% used [0x0000000080000000,0x00000000834f2578,0x0000000084700000)
 Metaspace       used 62217K, committed 63552K, reserved 1114112K
  class space    used 6661K, committed 7232K, reserved 1048576K
}
Event: 60.854 GC heap before
{Heap before GC invocations=59 (full 3):
 PSYoungGen      total 21504K, used 21502K [0x00000000d5580000, 0x00000000d6d80000, 0x0000000100000000)
  eden space 20480K, 100% used [0x00000000d5580000,0x00000000d6980000,0x00000000d6980000)
  from space 1024K, 99% used [0x00000000d6980000,0x00000000d6a7faf0,0x00000000d6a80000)
  to   space 2048K, 0% used [0x00000000d6b80000,0x00000000d6b80000,0x00000000d6d80000)
 ParOldGen       total 72704K, used 54217K [0x0000000080000000, 0x0000000084700000, 0x00000000d5580000)
  object space 72704K, 74% used [0x0000000080000000,0x00000000834f2578,0x0000000084700000)
 Metaspace       used 62242K, committed 63616K, reserved 1114112K
  class space    used 6661K, committed 7232K, reserved 1048576K
}
Event: 60.855 GC heap after
{Heap after GC invocations=59 (full 3):
 PSYoungGen      total 21504K, used 589K [0x00000000d5580000, 0x00000000d6c80000, 0x0000000100000000)
  eden space 20480K, 0% used [0x00000000d5580000,0x00000000d5580000,0x00000000d6980000)
  from space 1024K, 57% used [0x00000000d6b80000,0x00000000d6c13650,0x00000000d6c80000)
  to   space 1024K, 0% used [0x00000000d6980000,0x00000000d6980000,0x00000000d6a80000)
 ParOldGen       total 72704K, used 55125K [0x0000000080000000, 0x0000000084700000, 0x00000000d5580000)
  object space 72704K, 75% used [0x0000000080000000,0x00000000835d56f0,0x0000000084700000)
 Metaspace       used 62242K, committed 63616K, reserved 1114112K
  class space    used 6661K, committed 7232K, reserved 1048576K
}
Event: 61.024 GC heap before
{Heap before GC invocations=60 (full 3):
 PSYoungGen      total 21504K, used 21069K [0x00000000d5580000, 0x00000000d6c80000, 0x0000000100000000)
  eden space 20480K, 100% used [0x00000000d5580000,0x00000000d6980000,0x00000000d6980000)
  from space 1024K, 57% used [0x00000000d6b80000,0x00000000d6c13650,0x00000000d6c80000)
  to   space 1024K, 0% used [0x00000000d6980000,0x00000000d6980000,0x00000000d6a80000)
 ParOldGen       total 72704K, used 55125K [0x0000000080000000, 0x0000000084700000, 0x00000000d5580000)
  object space 72704K, 75% used [0x0000000080000000,0x00000000835d56f0,0x0000000084700000)
 Metaspace       used 63431K, committed 64832K, reserved 1114112K
  class space    used 6770K, committed 7360K, reserved 1048576K
}
Event: 61.026 GC heap after
{Heap after GC invocations=60 (full 3):
 PSYoungGen      total 21504K, used 448K [0x00000000d5580000, 0x00000000d6c00000, 0x0000000100000000)
  eden space 20480K, 0% used [0x00000000d5580000,0x00000000d5580000,0x00000000d6980000)
  from space 1024K, 43% used [0x00000000d6980000,0x00000000d69f0000,0x00000000d6a80000)
  to   space 1024K, 0% used [0x00000000d6b00000,0x00000000d6b00000,0x00000000d6c00000)
 ParOldGen       total 72704K, used 55293K [0x0000000080000000, 0x0000000084700000, 0x00000000d5580000)
  object space 72704K, 76% used [0x0000000080000000,0x00000000835ff6f0,0x0000000084700000)
 Metaspace       used 63431K, committed 64832K, reserved 1114112K
  class space    used 6770K, committed 7360K, reserved 1048576K
}
Event: 1650.335 GC heap before
{Heap before GC invocations=61 (full 3):
 PSYoungGen      total 21504K, used 20928K [0x00000000d5580000, 0x00000000d6c00000, 0x0000000100000000)
  eden space 20480K, 100% used [0x00000000d5580000,0x00000000d6980000,0x00000000d6980000)
  from space 1024K, 43% used [0x00000000d6980000,0x00000000d69f0000,0x00000000d6a80000)
  to   space 1024K, 0% used [0x00000000d6b00000,0x00000000d6b00000,0x00000000d6c00000)
 ParOldGen       total 72704K, used 55293K [0x0000000080000000, 0x0000000084700000, 0x00000000d5580000)
  object space 72704K, 76% used [0x0000000080000000,0x00000000835ff6f0,0x0000000084700000)
 Metaspace       used 64223K, committed 65536K, reserved 1114112K
  class space    used 6860K, committed 7424K, reserved 1048576K
}
Event: 1650.396 GC heap after
{Heap after GC invocations=61 (full 3):
 PSYoungGen      total 20992K, used 512K [0x00000000d5580000, 0x00000000d6b80000, 0x0000000100000000)
  eden space 20480K, 0% used [0x00000000d5580000,0x00000000d5580000,0x00000000d6980000)
  from space 512K, 100% used [0x00000000d6b00000,0x00000000d6b80000,0x00000000d6b80000)
  to   space 1024K, 0% used [0x00000000d6980000,0x00000000d6980000,0x00000000d6a80000)
 ParOldGen       total 72704K, used 55485K [0x0000000080000000, 0x0000000084700000, 0x00000000d5580000)
  object space 72704K, 76% used [0x0000000080000000,0x000000008362f6f0,0x0000000084700000)
 Metaspace       used 64223K, committed 65536K, reserved 1114112K
  class space    used 6860K, committed 7424K, reserved 1048576K
}
Event: 7644.367 GC heap before
{Heap before GC invocations=62 (full 3):
 PSYoungGen      total 20992K, used 20992K [0x00000000d5580000, 0x00000000d6b80000, 0x0000000100000000)
  eden space 20480K, 100% used [0x00000000d5580000,0x00000000d6980000,0x00000000d6980000)
  from space 512K, 100% used [0x00000000d6b00000,0x00000000d6b80000,0x00000000d6b80000)
  to   space 1024K, 0% used [0x00000000d6980000,0x00000000d6980000,0x00000000d6a80000)
 ParOldGen       total 72704K, used 55485K [0x0000000080000000, 0x0000000084700000, 0x00000000d5580000)
  object space 72704K, 76% used [0x0000000080000000,0x000000008362f6f0,0x0000000084700000)
 Metaspace       used 64288K, committed 65600K, reserved 1114112K
  class space    used 6863K, committed 7424K, reserved 1048576K
}
Event: 7644.390 GC heap after
{Heap after GC invocations=62 (full 3):
 PSYoungGen      total 21504K, used 480K [0x00000000d5580000, 0x00000000d6b80000, 0x0000000100000000)
  eden space 20480K, 0% used [0x00000000d5580000,0x00000000d5580000,0x00000000d6980000)
  from space 1024K, 46% used [0x00000000d6980000,0x00000000d69f8000,0x00000000d6a80000)
  to   space 512K, 0% used [0x00000000d6b00000,0x00000000d6b00000,0x00000000d6b80000)
 ParOldGen       total 72704K, used 55785K [0x0000000080000000, 0x0000000084700000, 0x00000000d5580000)
  object space 72704K, 76% used [0x0000000080000000,0x000000008367a700,0x0000000084700000)
 Metaspace       used 64288K, committed 65600K, reserved 1114112K
  class space    used 6863K, committed 7424K, reserved 1048576K
}
Event: 8982.418 GC heap before
{Heap before GC invocations=63 (full 3):
 PSYoungGen      total 21504K, used 20960K [0x00000000d5580000, 0x00000000d6b80000, 0x0000000100000000)
  eden space 20480K, 100% used [0x00000000d5580000,0x00000000d6980000,0x00000000d6980000)
  from space 1024K, 46% used [0x00000000d6980000,0x00000000d69f8000,0x00000000d6a80000)
  to   space 512K, 0% used [0x00000000d6b00000,0x00000000d6b00000,0x00000000d6b80000)
 ParOldGen       total 72704K, used 55785K [0x0000000080000000, 0x0000000084700000, 0x00000000d5580000)
  object space 72704K, 76% used [0x0000000080000000,0x000000008367a700,0x0000000084700000)
 Metaspace       used 64387K, committed 65664K, reserved 1114112K
  class space    used 6863K, committed 7424K, reserved 1048576K
}
Event: 8982.439 GC heap after
{Heap after GC invocations=63 (full 3):
 PSYoungGen      total 20992K, used 416K [0x00000000d5580000, 0x00000000d6b80000, 0x0000000100000000)
  eden space 20480K, 0% used [0x00000000d5580000,0x00000000d5580000,0x00000000d6980000)
  from space 512K, 81% used [0x00000000d6b00000,0x00000000d6b68000,0x00000000d6b80000)
  to   space 512K, 0% used [0x00000000d6a80000,0x00000000d6a80000,0x00000000d6b00000)
 ParOldGen       total 72704K, used 55881K [0x0000000080000000, 0x0000000084700000, 0x00000000d5580000)
  object space 72704K, 76% used [0x0000000080000000,0x0000000083692700,0x0000000084700000)
 Metaspace       used 64387K, committed 65664K, reserved 1114112K
  class space    used 6863K, committed 7424K, reserved 1048576K
}
Event: 10985.165 GC heap before
{Heap before GC invocations=64 (full 3):
 PSYoungGen      total 20992K, used 20896K [0x00000000d5580000, 0x00000000d6b80000, 0x0000000100000000)
  eden space 20480K, 100% used [0x00000000d5580000,0x00000000d6980000,0x00000000d6980000)
  from space 512K, 81% used [0x00000000d6b00000,0x00000000d6b68000,0x00000000d6b80000)
  to   space 512K, 0% used [0x00000000d6a80000,0x00000000d6a80000,0x00000000d6b00000)
 ParOldGen       total 72704K, used 55881K [0x0000000080000000, 0x0000000084700000, 0x00000000d5580000)
  object space 72704K, 76% used [0x0000000080000000,0x0000000083692700,0x0000000084700000)
 Metaspace       used 64467K, committed 65792K, reserved 1114112K
  class space    used 6863K, committed 7424K, reserved 1048576K
}
Event: 10985.187 GC heap after
{Heap after GC invocations=64 (full 3):
 PSYoungGen      total 20992K, used 416K [0x00000000d5580000, 0x00000000d6b80000, 0x0000000100000000)
  eden space 20480K, 0% used [0x00000000d5580000,0x00000000d5580000,0x00000000d6980000)
  from space 512K, 81% used [0x00000000d6a80000,0x00000000d6ae8000,0x00000000d6b00000)
  to   space 512K, 0% used [0x00000000d6b00000,0x00000000d6b00000,0x00000000d6b80000)
 ParOldGen       total 72704K, used 55913K [0x0000000080000000, 0x0000000084700000, 0x00000000d5580000)
  object space 72704K, 76% used [0x0000000080000000,0x000000008369a700,0x0000000084700000)
 Metaspace       used 64467K, committed 65792K, reserved 1114112K
  class space    used 6863K, committed 7424K, reserved 1048576K
}
Event: 12769.002 GC heap before
{Heap before GC invocations=65 (full 3):
 PSYoungGen      total 20992K, used 20896K [0x00000000d5580000, 0x00000000d6b80000, 0x0000000100000000)
  eden space 20480K, 100% used [0x00000000d5580000,0x00000000d6980000,0x00000000d6980000)
  from space 512K, 81% used [0x00000000d6a80000,0x00000000d6ae8000,0x00000000d6b00000)
  to   space 512K, 0% used [0x00000000d6b00000,0x00000000d6b00000,0x00000000d6b80000)
 ParOldGen       total 72704K, used 55913K [0x0000000080000000, 0x0000000084700000, 0x00000000d5580000)
  object space 72704K, 76% used [0x0000000080000000,0x000000008369a700,0x0000000084700000)
 Metaspace       used 64474K, committed 65856K, reserved 1114112K
  class space    used 6863K, committed 7424K, reserved 1048576K
}
Event: 12769.023 GC heap after
{Heap after GC invocations=65 (full 3):
 PSYoungGen      total 20992K, used 160K [0x00000000d5580000, 0x00000000d6b80000, 0x0000000100000000)
  eden space 20480K, 0% used [0x00000000d5580000,0x00000000d5580000,0x00000000d6980000)
  from space 512K, 31% used [0x00000000d6b00000,0x00000000d6b28000,0x00000000d6b80000)
  to   space 512K, 0% used [0x00000000d6a80000,0x00000000d6a80000,0x00000000d6b00000)
 ParOldGen       total 72704K, used 56001K [0x0000000080000000, 0x0000000084700000, 0x00000000d5580000)
  object space 72704K, 77% used [0x0000000080000000,0x00000000836b0700,0x0000000084700000)
 Metaspace       used 64474K, committed 65856K, reserved 1114112K
  class space    used 6863K, committed 7424K, reserved 1048576K
}
Event: 17789.310 GC heap before
{Heap before GC invocations=66 (full 3):
 PSYoungGen      total 20992K, used 20640K [0x00000000d5580000, 0x00000000d6b80000, 0x0000000100000000)
  eden space 20480K, 100% used [0x00000000d5580000,0x00000000d6980000,0x00000000d6980000)
  from space 512K, 31% used [0x00000000d6b00000,0x00000000d6b28000,0x00000000d6b80000)
  to   space 512K, 0% used [0x00000000d6a80000,0x00000000d6a80000,0x00000000d6b00000)
 ParOldGen       total 72704K, used 56001K [0x0000000080000000, 0x0000000084700000, 0x00000000d5580000)
  object space 72704K, 77% used [0x0000000080000000,0x00000000836b0700,0x0000000084700000)
 Metaspace       used 64475K, committed 65856K, reserved 1114112K
  class space    used 6863K, committed 7424K, reserved 1048576K
}
Event: 17789.332 GC heap after
{Heap after GC invocations=66 (full 3):
 PSYoungGen      total 20992K, used 384K [0x00000000d5580000, 0x00000000d6b80000, 0x0000000100000000)
  eden space 20480K, 0% used [0x00000000d5580000,0x00000000d5580000,0x00000000d6980000)
  from space 512K, 75% used [0x00000000d6a80000,0x00000000d6ae0000,0x00000000d6b00000)
  to   space 512K, 0% used [0x00000000d6b00000,0x00000000d6b00000,0x00000000d6b80000)
 ParOldGen       total 72704K, used 56001K [0x0000000080000000, 0x0000000084700000, 0x00000000d5580000)
  object space 72704K, 77% used [0x0000000080000000,0x00000000836b0700,0x0000000084700000)
 Metaspace       used 64475K, committed 65856K, reserved 1114112K
  class space    used 6863K, committed 7424K, reserved 1048576K
}
Event: 19788.023 GC heap before
{Heap before GC invocations=67 (full 3):
 PSYoungGen      total 20992K, used 20864K [0x00000000d5580000, 0x00000000d6b80000, 0x0000000100000000)
  eden space 20480K, 100% used [0x00000000d5580000,0x00000000d6980000,0x00000000d6980000)
  from space 512K, 75% used [0x00000000d6a80000,0x00000000d6ae0000,0x00000000d6b00000)
  to   space 512K, 0% used [0x00000000d6b00000,0x00000000d6b00000,0x00000000d6b80000)
 ParOldGen       total 72704K, used 56001K [0x0000000080000000, 0x0000000084700000, 0x00000000d5580000)
  object space 72704K, 77% used [0x0000000080000000,0x00000000836b0700,0x0000000084700000)
 Metaspace       used 64475K, committed 65856K, reserved 1114112K
  class space    used 6863K, committed 7424K, reserved 1048576K
}
Event: 19788.046 GC heap after
{Heap after GC invocations=67 (full 3):
 PSYoungGen      total 20992K, used 320K [0x00000000d5580000, 0x00000000d6b80000, 0x0000000100000000)
  eden space 20480K, 0% used [0x00000000d5580000,0x00000000d5580000,0x00000000d6980000)
  from space 512K, 62% used [0x00000000d6b00000,0x00000000d6b50000,0x00000000d6b80000)
  to   space 512K, 0% used [0x00000000d6a80000,0x00000000d6a80000,0x00000000d6b00000)
 ParOldGen       total 72704K, used 56081K [0x0000000080000000, 0x0000000084700000, 0x00000000d5580000)
  object space 72704K, 77% used [0x0000000080000000,0x00000000836c4700,0x0000000084700000)
 Metaspace       used 64475K, committed 65856K, reserved 1114112K
  class space    used 6863K, committed 7424K, reserved 1048576K
}

